<?xml version="1.0" encoding="UTF-8"?>
<!-- Generated by org.testng.reporters.JUnitReportReporter -->
<testsuite hostname="Anils-MacBook-Air.local" failures="0" tests="1" name="com.channelassist.exercise.AppTest" time="0.018" errors="0" timestamp="30 Jul 2018 17:06:40 GMT">
  <testcase classname="com.channelassist.exercise.AppTest" name="testApp" time="0.018"/>
</testsuite> <!-- com.channelassist.exercise.AppTest -->
